<?xml version="1.0" encoding="UTF-8"?>
<testsuite name="edu.odu.cs.TestRanges" tests="2" skipped="0" failures="0" errors="0" timestamp="2022-07-22T19:53:52" hostname="io" time="0.003">
  <properties/>
  <testcase name="testRemove()" classname="edu.odu.cs.TestRanges" time="0.002"/>
  <testcase name="testConstructor()" classname="edu.odu.cs.TestRanges" time="0.001"/>
  <system-out><![CDATA[]]></system-out>
  <system-err><![CDATA[]]></system-err>
</testsuite>
