<?xml version="1.0" encoding="UTF-8"?>
<testsuite name="edu.odu.cs.TestHighway" tests="2" skipped="0" failures="0" errors="0" timestamp="2022-07-22T19:53:52" hostname="io" time="0.064">
  <properties/>
  <testcase name="test000()" classname="edu.odu.cs.TestHighway" time="0.032"/>
  <testcase name="test005()" classname="edu.odu.cs.TestHighway" time="0.032"/>
  <system-out><![CDATA[]]></system-out>
  <system-err><![CDATA[]]></system-err>
</testsuite>
